build/intermediates/manifest_merge_blame_file/debug/manifest-merger-blame-debug-report.txt
1<?xml version="1.0" encoding="utf-8"?>
2<manifest xmlns:android="http://schemas.android.com/apk/res/android"
3    package="processing.test.android_watch_project"
4    android:versionCode="1"
5    android:versionName="1.0" >
6
7    <uses-sdk
8        android:minSdkVersion="25"
8-->src\main\AndroidManifest.xml
9        android:targetSdkVersion="30" />
9-->src\main\AndroidManifest.xml
10
11    <uses-feature android:name="android.hardware.type.watch" />
11-->src\main\AndroidManifest.xml:3:5-63
11-->src\main\AndroidManifest.xml:3:19-61
12
13    <uses-permission android:name="android.permission.WAKE_LOCK" />
13-->src\main\AndroidManifest.xml:4:5-67
13-->src\main\AndroidManifest.xml:4:22-65
14
15    <application
15-->src\main\AndroidManifest.xml:5:5-19:19
16        android:appComponentFactory="androidx.core.app.CoreComponentFactory"
16-->[androidx.core:core:1.3.1] AndroidManifest.xml:24:18-86
17        android:debuggable="true"
18        android:extractNativeLibs="false"
19        android:icon="@mipmap/ic_launcher"
19-->src\main\AndroidManifest.xml:5:18-52
20        android:label="android_watch_project"
20-->src\main\AndroidManifest.xml:5:53-90
21        android:supportsRtl="true" >
21-->src\main\AndroidManifest.xml:5:91-117
22        <uses-library
22-->src\main\AndroidManifest.xml:6:9-92
23            android:name="com.google.android.wearable"
23-->src\main\AndroidManifest.xml:6:23-65
24            android:required="false" />
24-->src\main\AndroidManifest.xml:6:66-90
25
26        <meta-data
26-->src\main\AndroidManifest.xml:7:9-96
27            android:name="com.google.android.wearable.standalone"
27-->src\main\AndroidManifest.xml:7:20-73
28            android:value="true" />
28-->src\main\AndroidManifest.xml:7:74-94
29
30        <service
30-->src\main\AndroidManifest.xml:8:9-17:19
31            android:name="processing.test.android_watch_project.MainService"
31-->src\main\AndroidManifest.xml:8:56-83
32            android:label="android_watch_project"
32-->src\main\AndroidManifest.xml:8:18-55
33            android:permission="android.permission.BIND_WALLPAPER" >
33-->src\main\AndroidManifest.xml:8:84-138
34            <meta-data
34-->src\main\AndroidManifest.xml:9:13-101
35                android:name="android.service.wallpaper"
35-->src\main\AndroidManifest.xml:9:24-64
36                android:resource="@xml/watch_face" />
36-->src\main\AndroidManifest.xml:9:65-99
37            <meta-data
37-->src\main\AndroidManifest.xml:10:13-135
38                android:name="com.google.android.wearable.watchface.preview"
38-->src\main\AndroidManifest.xml:10:24-84
39                android:resource="@drawable/preview_rectangular" />
39-->src\main\AndroidManifest.xml:10:85-133
40            <meta-data
40-->src\main\AndroidManifest.xml:11:13-141
41                android:name="com.google.android.wearable.watchface.preview_circular"
41-->src\main\AndroidManifest.xml:11:24-93
42                android:resource="@drawable/preview_circular" />
42-->src\main\AndroidManifest.xml:11:94-139
43            <meta-data
43-->src\main\AndroidManifest.xml:12:13-174
44                android:name="com.google.android.wearable.watchface.companionConfigurationAction"
44-->src\main\AndroidManifest.xml:12:24-105
45                android:value="com.catinean.simpleandroidwatchface.CONFIG_DIGITAL" />
45-->src\main\AndroidManifest.xml:12:106-172
46
47            <intent-filter>
47-->src\main\AndroidManifest.xml:13:13-16:29
48                <action android:name="android.service.wallpaper.WallpaperService" />
48-->src\main\AndroidManifest.xml:14:17-84
48-->src\main\AndroidManifest.xml:14:25-82
49
50                <category android:name="com.google.android.wearable.watchface.category.WATCH_FACE" />
50-->src\main\AndroidManifest.xml:15:17-101
50-->src\main\AndroidManifest.xml:15:27-99
51            </intent-filter>
52        </service>
53
54        <activity android:name="processing.android.PermissionRequestor" />
54-->src\main\AndroidManifest.xml:18:9-74
54-->src\main\AndroidManifest.xml:18:19-72
55        <activity
55-->[com.google.android.gms:play-services-base:17.0.0] AndroidManifest.xml:23:9-26:75
56            android:name="com.google.android.gms.common.api.GoogleApiActivity"
56-->[com.google.android.gms:play-services-base:17.0.0] AndroidManifest.xml:24:13-79
57            android:exported="false"
57-->[com.google.android.gms:play-services-base:17.0.0] AndroidManifest.xml:25:13-37
58            android:theme="@android:style/Theme.Translucent.NoTitleBar" />
58-->[com.google.android.gms:play-services-base:17.0.0] AndroidManifest.xml:26:13-72
59
60        <meta-data
60-->[com.google.android.gms:play-services-basement:17.0.0] AndroidManifest.xml:23:9-25:69
61            android:name="com.google.android.gms.version"
61-->[com.google.android.gms:play-services-basement:17.0.0] AndroidManifest.xml:24:13-58
62            android:value="@integer/google_play_services_version" />
62-->[com.google.android.gms:play-services-basement:17.0.0] AndroidManifest.xml:25:13-66
63    </application>
64
65</manifest>